<?xml version="1.0" encoding="UTF-8"?>
<testsuite xmlns:xsi="http://www.w3.org/2001/XMLSchema-instance" xsi:noNamespaceSchemaLocation="https://maven.apache.org/surefire/maven-surefire-plugin/xsd/surefire-test-report-3.0.xsd" version="3.0" name="TestSuite" time="20.76" tests="11" errors="0" skipped="9" failures="1">
  <properties>
    <property name="sun.desktop" value="windows"/>
    <property name="awt.toolkit" value="sun.awt.windows.WToolkit"/>
    <property name="java.specification.version" value="11"/>
    <property name="webdriver.chrome.driver" value="C:\Users\naman_kumar\.cache\selenium\chromedriver\win32\110.0.5481.77\chromedriver.exe"/>
    <property name="sun.cpu.isalist" value="amd64"/>
    <property name="sun.jnu.encoding" value="Cp1252"/>
    <property name="java.class.path" value="D:\internalProject\Scripter\Scripter\bin\Debug\net6.0\target\test-classes;D:\internalProject\Scripter\Scripter\bin\Debug\net6.0\target\classes;D:\internalProject\Scripter\Scripter\bin\Debug\net6.0\lib\daisy-core-browser-base-command-0.0.1.jar;C:\Users\naman_kumar\.m2\repository\atu\ATUReporter_Selenium_testNG\5.1.1\ATUReporter_Selenium_testNG-5.1.1.jar;C:\Users\naman_kumar\.m2\repository\atu\ATUTestRecorder\2.1\ATUTestRecorder-2.1.jar;C:\Users\naman_kumar\.m2\repository\junit\junit\4.8.2\junit-4.8.2.jar;C:\Users\naman_kumar\.m2\repository\com\google\guava\guava\25.0-jre\guava-25.0-jre.jar;C:\Users\naman_kumar\.m2\repository\com\google\code\findbugs\jsr305\1.3.9\jsr305-1.3.9.jar;C:\Users\naman_kumar\.m2\repository\org\checkerframework\checker-compat-qual\2.0.0\checker-compat-qual-2.0.0.jar;C:\Users\naman_kumar\.m2\repository\com\google\errorprone\error_prone_annotations\2.1.3\error_prone_annotations-2.1.3.jar;C:\Users\naman_kumar\.m2\repository\com\google\j2objc\j2objc-annotations\1.1\j2objc-annotations-1.1.jar;C:\Users\naman_kumar\.m2\repository\org\codehaus\mojo\animal-sniffer-annotations\1.14\animal-sniffer-annotations-1.14.jar;C:\Users\naman_kumar\.m2\repository\javax\mail\javax.mail-api\1.6.2\javax.mail-api-1.6.2.jar;C:\Users\naman_kumar\.m2\repository\org\apache\pdfbox\pdfbox\2.0.21\pdfbox-2.0.21.jar;C:\Users\naman_kumar\.m2\repository\org\apache\pdfbox\fontbox\2.0.21\fontbox-2.0.21.jar;C:\Users\naman_kumar\.m2\repository\commons-logging\commons-logging\1.2\commons-logging-1.2.jar;C:\Users\naman_kumar\.m2\repository\org\apache\poi\poi\4.1.2\poi-4.1.2.jar;C:\Users\naman_kumar\.m2\repository\commons-codec\commons-codec\1.13\commons-codec-1.13.jar;C:\Users\naman_kumar\.m2\repository\org\apache\commons\commons-collections4\4.4\commons-collections4-4.4.jar;C:\Users\naman_kumar\.m2\repository\org\apache\commons\commons-math3\3.6.1\commons-math3-3.6.1.jar;C:\Users\naman_kumar\.m2\repository\com\zaxxer\SparseBitSet\1.2\SparseBitSet-1.2.jar;C:\Users\naman_kumar\.m2\repository\org\apache\poi\poi-ooxml\4.1.2\poi-ooxml-4.1.2.jar;C:\Users\naman_kumar\.m2\repository\org\apache\poi\poi-ooxml-schemas\4.1.2\poi-ooxml-schemas-4.1.2.jar;C:\Users\naman_kumar\.m2\repository\org\apache\xmlbeans\xmlbeans\3.1.0\xmlbeans-3.1.0.jar;C:\Users\naman_kumar\.m2\repository\org\apache\commons\commons-compress\1.19\commons-compress-1.19.jar;C:\Users\naman_kumar\.m2\repository\com\github\virtuald\curvesapi\1.06\curvesapi-1.06.jar;C:\Users\naman_kumar\.m2\repository\org\seleniumhq\selenium\selenium-java\3.141.59\selenium-java-3.141.59.jar;C:\Users\naman_kumar\.m2\repository\org\seleniumhq\selenium\selenium-api\3.141.59\selenium-api-3.141.59.jar;C:\Users\naman_kumar\.m2\repository\org\seleniumhq\selenium\selenium-chrome-driver\3.141.59\selenium-chrome-driver-3.141.59.jar;C:\Users\naman_kumar\.m2\repository\org\seleniumhq\selenium\selenium-edge-driver\3.141.59\selenium-edge-driver-3.141.59.jar;C:\Users\naman_kumar\.m2\repository\org\seleniumhq\selenium\selenium-firefox-driver\3.141.59\selenium-firefox-driver-3.141.59.jar;C:\Users\naman_kumar\.m2\repository\org\seleniumhq\selenium\selenium-ie-driver\3.141.59\selenium-ie-driver-3.141.59.jar;C:\Users\naman_kumar\.m2\repository\org\seleniumhq\selenium\selenium-opera-driver\3.141.59\selenium-opera-driver-3.141.59.jar;C:\Users\naman_kumar\.m2\repository\org\seleniumhq\selenium\selenium-remote-driver\3.141.59\selenium-remote-driver-3.141.59.jar;C:\Users\naman_kumar\.m2\repository\org\seleniumhq\selenium\selenium-safari-driver\3.141.59\selenium-safari-driver-3.141.59.jar;C:\Users\naman_kumar\.m2\repository\org\seleniumhq\selenium\selenium-support\3.141.59\selenium-support-3.141.59.jar;C:\Users\naman_kumar\.m2\repository\net\bytebuddy\byte-buddy\1.8.15\byte-buddy-1.8.15.jar;C:\Users\naman_kumar\.m2\repository\org\apache\commons\commons-exec\1.3\commons-exec-1.3.jar;C:\Users\naman_kumar\.m2\repository\com\squareup\okhttp3\okhttp\3.11.0\okhttp-3.11.0.jar;C:\Users\naman_kumar\.m2\repository\com\squareup\okio\okio\1.14.0\okio-1.14.0.jar;C:\Users\naman_kumar\.m2\repository\org\testng\testng\7.3.0\testng-7.3.0.jar;C:\Users\naman_kumar\.m2\repository\com\beust\jcommander\1.78\jcommander-1.78.jar;C:\Users\naman_kumar\.m2\repository\org\apache\ant\ant\1.10.3\ant-1.10.3.jar;C:\Users\naman_kumar\.m2\repository\org\apache\ant\ant-launcher\1.10.3\ant-launcher-1.10.3.jar;C:\Users\naman_kumar\.m2\repository\com\google\inject\guice\4.2.2\guice-4.2.2-no_aop.jar;C:\Users\naman_kumar\.m2\repository\javax\inject\javax.inject\1\javax.inject-1.jar;C:\Users\naman_kumar\.m2\repository\aopalliance\aopalliance\1.0\aopalliance-1.0.jar;C:\Users\naman_kumar\.m2\repository\org\yaml\snakeyaml\1.21\snakeyaml-1.21.jar;C:\Users\naman_kumar\.m2\repository\com\aventstack\extentreports\5.0.3\extentreports-5.0.3.jar;C:\Users\naman_kumar\.m2\repository\io\reactivex\rxjava3\rxjava\3.0.4\rxjava-3.0.4.jar;C:\Users\naman_kumar\.m2\repository\org\reactivestreams\reactive-streams\1.0.3\reactive-streams-1.0.3.jar;C:\Users\naman_kumar\.m2\repository\org\freemarker\freemarker\2.3.30\freemarker-2.3.30.jar;C:\Users\naman_kumar\.m2\repository\org\projectlombok\lombok\1.18.12\lombok-1.18.12.jar;C:\Users\naman_kumar\.m2\repository\com\google\code\gson\gson\2.8.6\gson-2.8.6.jar;C:\Users\naman_kumar\.m2\repository\com\relevantcodes\extentreports\2.41.2\extentreports-2.41.2.jar;C:\Users\naman_kumar\.m2\repository\org\jsoup\jsoup\1.8.3\jsoup-1.8.3.jar;C:\Users\naman_kumar\.m2\repository\org\xerial\sqlite-jdbc\3.8.11.1\sqlite-jdbc-3.8.11.1.jar;C:\Users\naman_kumar\.m2\repository\org\mongodb\mongodb-driver\3.0.4\mongodb-driver-3.0.4.jar;C:\Users\naman_kumar\.m2\repository\org\mongodb\bson\3.0.4\bson-3.0.4.jar;C:\Users\naman_kumar\.m2\repository\org\mongodb\mongodb-driver-core\3.0.4\mongodb-driver-core-3.0.4.jar;C:\Users\naman_kumar\.m2\repository\org\apache\commons\commons-lang3\3.11\commons-lang3-3.11.jar;C:\Users\naman_kumar\.m2\repository\org\seleniumhq\selenium\htmlunit-driver\2.43.1\htmlunit-driver-2.43.1.jar;C:\Users\naman_kumar\.m2\repository\net\sourceforge\htmlunit\htmlunit\2.43.0\htmlunit-2.43.0.jar;C:\Users\naman_kumar\.m2\repository\xalan\xalan\2.7.2\xalan-2.7.2.jar;C:\Users\naman_kumar\.m2\repository\xalan\serializer\2.7.2\serializer-2.7.2.jar;C:\Users\naman_kumar\.m2\repository\org\apache\commons\commons-text\1.9\commons-text-1.9.jar;C:\Users\naman_kumar\.m2\repository\net\sourceforge\htmlunit\htmlunit-core-js\2.43.0\htmlunit-core-js-2.43.0.jar;C:\Users\naman_kumar\.m2\repository\net\sourceforge\htmlunit\neko-htmlunit\2.43.0\neko-htmlunit-2.43.0.jar;C:\Users\naman_kumar\.m2\repository\xerces\xercesImpl\2.12.0\xercesImpl-2.12.0.jar;C:\Users\naman_kumar\.m2\repository\xml-apis\xml-apis\1.4.01\xml-apis-1.4.01.jar;C:\Users\naman_kumar\.m2\repository\net\sourceforge\htmlunit\htmlunit-cssparser\1.5.0\htmlunit-cssparser-1.5.0.jar;C:\Users\naman_kumar\.m2\repository\commons-net\commons-net\3.7\commons-net-3.7.jar;C:\Users\naman_kumar\.m2\repository\org\brotli\dec\0.1.2\dec-0.1.2.jar;C:\Users\naman_kumar\.m2\repository\com\shapesecurity\salvation\2.7.2\salvation-2.7.2.jar;C:\Users\naman_kumar\.m2\repository\org\eclipse\jetty\websocket\websocket-client\9.4.31.v20200723\websocket-client-9.4.31.v20200723.jar;C:\Users\naman_kumar\.m2\repository\org\eclipse\jetty\jetty-client\9.4.31.v20200723\jetty-client-9.4.31.v20200723.jar;C:\Users\naman_kumar\.m2\repository\org\eclipse\jetty\jetty-http\9.4.31.v20200723\jetty-http-9.4.31.v20200723.jar;C:\Users\naman_kumar\.m2\repository\org\eclipse\jetty\jetty-xml\9.4.31.v20200723\jetty-xml-9.4.31.v20200723.jar;C:\Users\naman_kumar\.m2\repository\org\eclipse\jetty\jetty-util\9.4.31.v20200723\jetty-util-9.4.31.v20200723.jar;C:\Users\naman_kumar\.m2\repository\org\eclipse\jetty\jetty-io\9.4.31.v20200723\jetty-io-9.4.31.v20200723.jar;C:\Users\naman_kumar\.m2\repository\org\eclipse\jetty\websocket\websocket-common\9.4.31.v20200723\websocket-common-9.4.31.v20200723.jar;C:\Users\naman_kumar\.m2\repository\org\eclipse\jetty\websocket\websocket-api\9.4.31.v20200723\websocket-api-9.4.31.v20200723.jar;C:\Users\naman_kumar\.m2\repository\com\assertthat\selenium-shutterbug\1.2\selenium-shutterbug-1.2.jar;C:\Users\naman_kumar\.m2\repository\commons-io\commons-io\2.6\commons-io-2.6.jar;C:\Users\naman_kumar\.m2\repository\com\github\zafarkhaja\java-semver\0.9.0\java-semver-0.9.0.jar;C:\Users\naman_kumar\.m2\repository\ru\yandex\qatools\ashot\ashot\1.5.4\ashot-1.5.4.jar;C:\Users\naman_kumar\.m2\repository\com\fasterxml\jackson\core\jackson-databind\2.11.3\jackson-databind-2.11.3.jar;C:\Users\naman_kumar\.m2\repository\com\fasterxml\jackson\core\jackson-annotations\2.11.3\jackson-annotations-2.11.3.jar;C:\Users\naman_kumar\.m2\repository\com\fasterxml\jackson\core\jackson-core\2.11.3\jackson-core-2.11.3.jar;C:\Users\naman_kumar\.m2\repository\com\googlecode\json-simple\json-simple\1.1.1\json-simple-1.1.1.jar;C:\Users\naman_kumar\.m2\repository\com\jayway\jsonpath\json-path\2.4.0\json-path-2.4.0.jar;C:\Users\naman_kumar\.m2\repository\org\slf4j\slf4j-api\1.7.30\slf4j-api-1.7.30.jar;C:\Users\naman_kumar\.m2\repository\org\slf4j\slf4j-simple\1.7.30\slf4j-simple-1.7.30.jar;C:\Users\naman_kumar\.m2\repository\net\minidev\json-smart\2.3\json-smart-2.3.jar;C:\Users\naman_kumar\.m2\repository\net\minidev\accessors-smart\1.2\accessors-smart-1.2.jar;C:\Users\naman_kumar\.m2\repository\org\ow2\asm\asm\5.0.4\asm-5.0.4.jar;C:\Users\naman_kumar\.m2\repository\javax\xml\bind\jaxb-api\2.2.12\jaxb-api-2.2.12.jar;C:\Users\naman_kumar\.m2\repository\io\rest-assured\rest-assured\3.1.1\rest-assured-3.1.1.jar;C:\Users\naman_kumar\.m2\repository\org\codehaus\groovy\groovy\2.4.12\groovy-2.4.12.jar;C:\Users\naman_kumar\.m2\repository\org\codehaus\groovy\groovy-xml\2.4.12\groovy-xml-2.4.12.jar;C:\Users\naman_kumar\.m2\repository\org\apache\httpcomponents\httpmime\4.5.1\httpmime-4.5.1.jar;C:\Users\naman_kumar\.m2\repository\org\hamcrest\hamcrest-core\1.3\hamcrest-core-1.3.jar;C:\Users\naman_kumar\.m2\repository\org\hamcrest\hamcrest-library\1.3\hamcrest-library-1.3.jar;C:\Users\naman_kumar\.m2\repository\org\ccil\cowan\tagsoup\tagsoup\1.2.1\tagsoup-1.2.1.jar;C:\Users\naman_kumar\.m2\repository\io\rest-assured\json-path\3.1.1\json-path-3.1.1.jar;C:\Users\naman_kumar\.m2\repository\io\rest-assured\rest-assured-common\3.1.1\rest-assured-common-3.1.1.jar;C:\Users\naman_kumar\.m2\repository\io\rest-assured\xml-path\3.1.1\xml-path-3.1.1.jar;C:\Users\naman_kumar\.m2\repository\com\github\opendevl\json2flat\1.0.3\json2flat-1.0.3.jar;C:\Users\naman_kumar\.m2\repository\org\apache\logging\log4j\log4j-api\2.14.1\log4j-api-2.14.1.jar;C:\Users\naman_kumar\.m2\repository\org\apache\logging\log4j\log4j-core\2.14.1\log4j-core-2.14.1.jar;C:\Users\naman_kumar\.m2\repository\io\github\bonigarcia\webdrivermanager\4.2.2\webdrivermanager-4.2.2.jar;C:\Users\naman_kumar\.m2\repository\org\apache\httpcomponents\client5\httpclient5\5.0.1\httpclient5-5.0.1.jar;C:\Users\naman_kumar\.m2\repository\org\apache\httpcomponents\core5\httpcore5\5.0.1\httpcore5-5.0.1.jar;C:\Users\naman_kumar\.m2\repository\org\apache\httpcomponents\core5\httpcore5-h2\5.0.1\httpcore5-h2-5.0.1.jar;C:\Users\naman_kumar\.m2\repository\org\rauschig\jarchivelib\1.1.0\jarchivelib-1.1.0.jar;C:\Users\naman_kumar\.m2\repository\io\appium\java-client\7.4.1\java-client-7.4.1.jar;C:\Users\naman_kumar\.m2\repository\cglib\cglib\3.3.0\cglib-3.3.0.jar;C:\Users\naman_kumar\.m2\repository\commons-validator\commons-validator\1.7\commons-validator-1.7.jar;C:\Users\naman_kumar\.m2\repository\commons-beanutils\commons-beanutils\1.9.4\commons-beanutils-1.9.4.jar;C:\Users\naman_kumar\.m2\repository\commons-digester\commons-digester\2.1\commons-digester-2.1.jar;C:\Users\naman_kumar\.m2\repository\commons-collections\commons-collections\3.2.2\commons-collections-3.2.2.jar;C:\Users\naman_kumar\.m2\repository\org\springframework\spring-context\5.3.1\spring-context-5.3.1.jar;C:\Users\naman_kumar\.m2\repository\org\springframework\spring-aop\5.3.1\spring-aop-5.3.1.jar;C:\Users\naman_kumar\.m2\repository\org\springframework\spring-beans\5.3.1\spring-beans-5.3.1.jar;C:\Users\naman_kumar\.m2\repository\org\springframework\spring-core\5.3.1\spring-core-5.3.1.jar;C:\Users\naman_kumar\.m2\repository\org\springframework\spring-jcl\5.3.1\spring-jcl-5.3.1.jar;C:\Users\naman_kumar\.m2\repository\org\springframework\spring-expression\5.3.1\spring-expression-5.3.1.jar;C:\Users\naman_kumar\.m2\repository\org\aspectj\aspectjweaver\1.9.6\aspectjweaver-1.9.6.jar;C:\Users\naman_kumar\.m2\repository\mysql\mysql-connector-java\8.0.27\mysql-connector-java-8.0.27.jar;C:\Users\naman_kumar\.m2\repository\com\google\protobuf\protobuf-java\3.11.4\protobuf-java-3.11.4.jar;C:\Users\naman_kumar\.m2\repository\com\oracle\database\jdbc\ojdbc8\19.3.0.0\ojdbc8-19.3.0.0.jar;C:\Users\naman_kumar\.m2\repository\com\oracle\database\jdbc\ucp\19.3.0.0\ucp-19.3.0.0.jar;C:\Users\naman_kumar\.m2\repository\com\oracle\database\security\oraclepki\19.3.0.0\oraclepki-19.3.0.0.jar;C:\Users\naman_kumar\.m2\repository\com\oracle\database\security\osdt_cert\19.3.0.0\osdt_cert-19.3.0.0.jar;C:\Users\naman_kumar\.m2\repository\com\oracle\database\security\osdt_core\19.3.0.0\osdt_core-19.3.0.0.jar;C:\Users\naman_kumar\.m2\repository\com\oracle\database\ha\simplefan\19.3.0.0\simplefan-19.3.0.0.jar;C:\Users\naman_kumar\.m2\repository\com\oracle\database\ha\ons\19.3.0.0\ons-19.3.0.0.jar;C:\Users\naman_kumar\.m2\repository\org\postgresql\postgresql\42.2.15\postgresql-42.2.15.jar;C:\Users\naman_kumar\.m2\repository\org\checkerframework\checker-qual\3.5.0\checker-qual-3.5.0.jar;C:\Users\naman_kumar\.m2\repository\com\predic8\soa-model-core\1.6.0\soa-model-core-1.6.0.jar;C:\Users\naman_kumar\.m2\repository\org\codehaus\groovy\groovy-json\2.4.7\groovy-json-2.4.7.jar;C:\Users\naman_kumar\.m2\repository\org\slf4j\jcl-over-slf4j\1.7.21\jcl-over-slf4j-1.7.21.jar;C:\Users\naman_kumar\.m2\repository\org\apache\httpcomponents\httpclient\4.5.2\httpclient-4.5.2.jar;C:\Users\naman_kumar\.m2\repository\org\apache\httpcomponents\httpcore\4.4.4\httpcore-4.4.4.jar;C:\Users\naman_kumar\.m2\repository\org\jboss\aerogear\aerogear-otp-java\1.0.0\aerogear-otp-java-1.0.0.jar;"/>
    <property name="remote" value="true"/>
    <property name="java.vm.vendor" value="AdoptOpenJDK"/>
    <property name="sun.arch.data.model" value="64"/>
    <property name="masterFile" value="Master.xlsx"/>
    <property name="path" value="Org"/>
    <property name="user.variant" value=""/>
    <property name="password" value="DqKQ6U5NFuJYxsduwQhQ6Q=="/>
    <property name="java.vendor.url" value="https://adoptopenjdk.net/"/>
    <property name="user.timezone" value="Asia/Calcutta"/>
    <property name="os.name" value="Windows 10"/>
    <property name="java.vm.specification.version" value="11"/>
    <property name="sun.java.launcher" value="SUN_STANDARD"/>
    <property name="user.country" value="IN"/>
    <property name="sun.boot.library.path" value="C:\Program Files\AdoptOpenJDK\jdk-11.0.6.10-hotspot\bin"/>
    <property name="sun.java.command" value="C:\Users\naman_kumar\AppData\Local\Temp\surefire3003107984750820788\surefirebooter9042965891299618931.jar C:\Users\naman_kumar\AppData\Local\Temp\surefire3003107984750820788 2023-02-25T17-56-40_624-jvmRun1 surefire16682859187761222248tmp surefire_01032493601731227484tmp"/>
    <property name="jdk.debug" value="release"/>
    <property name="surefire.test.class.path" value="D:\internalProject\Scripter\Scripter\bin\Debug\net6.0\target\test-classes;D:\internalProject\Scripter\Scripter\bin\Debug\net6.0\target\classes;D:\internalProject\Scripter\Scripter\bin\Debug\net6.0\lib\daisy-core-browser-base-command-0.0.1.jar;C:\Users\naman_kumar\.m2\repository\atu\ATUReporter_Selenium_testNG\5.1.1\ATUReporter_Selenium_testNG-5.1.1.jar;C:\Users\naman_kumar\.m2\repository\atu\ATUTestRecorder\2.1\ATUTestRecorder-2.1.jar;C:\Users\naman_kumar\.m2\repository\junit\junit\4.8.2\junit-4.8.2.jar;C:\Users\naman_kumar\.m2\repository\com\google\guava\guava\25.0-jre\guava-25.0-jre.jar;C:\Users\naman_kumar\.m2\repository\com\google\code\findbugs\jsr305\1.3.9\jsr305-1.3.9.jar;C:\Users\naman_kumar\.m2\repository\org\checkerframework\checker-compat-qual\2.0.0\checker-compat-qual-2.0.0.jar;C:\Users\naman_kumar\.m2\repository\com\google\errorprone\error_prone_annotations\2.1.3\error_prone_annotations-2.1.3.jar;C:\Users\naman_kumar\.m2\repository\com\google\j2objc\j2objc-annotations\1.1\j2objc-annotations-1.1.jar;C:\Users\naman_kumar\.m2\repository\org\codehaus\mojo\animal-sniffer-annotations\1.14\animal-sniffer-annotations-1.14.jar;C:\Users\naman_kumar\.m2\repository\javax\mail\javax.mail-api\1.6.2\javax.mail-api-1.6.2.jar;C:\Users\naman_kumar\.m2\repository\org\apache\pdfbox\pdfbox\2.0.21\pdfbox-2.0.21.jar;C:\Users\naman_kumar\.m2\repository\org\apache\pdfbox\fontbox\2.0.21\fontbox-2.0.21.jar;C:\Users\naman_kumar\.m2\repository\commons-logging\commons-logging\1.2\commons-logging-1.2.jar;C:\Users\naman_kumar\.m2\repository\org\apache\poi\poi\4.1.2\poi-4.1.2.jar;C:\Users\naman_kumar\.m2\repository\commons-codec\commons-codec\1.13\commons-codec-1.13.jar;C:\Users\naman_kumar\.m2\repository\org\apache\commons\commons-collections4\4.4\commons-collections4-4.4.jar;C:\Users\naman_kumar\.m2\repository\org\apache\commons\commons-math3\3.6.1\commons-math3-3.6.1.jar;C:\Users\naman_kumar\.m2\repository\com\zaxxer\SparseBitSet\1.2\SparseBitSet-1.2.jar;C:\Users\naman_kumar\.m2\repository\org\apache\poi\poi-ooxml\4.1.2\poi-ooxml-4.1.2.jar;C:\Users\naman_kumar\.m2\repository\org\apache\poi\poi-ooxml-schemas\4.1.2\poi-ooxml-schemas-4.1.2.jar;C:\Users\naman_kumar\.m2\repository\org\apache\xmlbeans\xmlbeans\3.1.0\xmlbeans-3.1.0.jar;C:\Users\naman_kumar\.m2\repository\org\apache\commons\commons-compress\1.19\commons-compress-1.19.jar;C:\Users\naman_kumar\.m2\repository\com\github\virtuald\curvesapi\1.06\curvesapi-1.06.jar;C:\Users\naman_kumar\.m2\repository\org\seleniumhq\selenium\selenium-java\3.141.59\selenium-java-3.141.59.jar;C:\Users\naman_kumar\.m2\repository\org\seleniumhq\selenium\selenium-api\3.141.59\selenium-api-3.141.59.jar;C:\Users\naman_kumar\.m2\repository\org\seleniumhq\selenium\selenium-chrome-driver\3.141.59\selenium-chrome-driver-3.141.59.jar;C:\Users\naman_kumar\.m2\repository\org\seleniumhq\selenium\selenium-edge-driver\3.141.59\selenium-edge-driver-3.141.59.jar;C:\Users\naman_kumar\.m2\repository\org\seleniumhq\selenium\selenium-firefox-driver\3.141.59\selenium-firefox-driver-3.141.59.jar;C:\Users\naman_kumar\.m2\repository\org\seleniumhq\selenium\selenium-ie-driver\3.141.59\selenium-ie-driver-3.141.59.jar;C:\Users\naman_kumar\.m2\repository\org\seleniumhq\selenium\selenium-opera-driver\3.141.59\selenium-opera-driver-3.141.59.jar;C:\Users\naman_kumar\.m2\repository\org\seleniumhq\selenium\selenium-remote-driver\3.141.59\selenium-remote-driver-3.141.59.jar;C:\Users\naman_kumar\.m2\repository\org\seleniumhq\selenium\selenium-safari-driver\3.141.59\selenium-safari-driver-3.141.59.jar;C:\Users\naman_kumar\.m2\repository\org\seleniumhq\selenium\selenium-support\3.141.59\selenium-support-3.141.59.jar;C:\Users\naman_kumar\.m2\repository\net\bytebuddy\byte-buddy\1.8.15\byte-buddy-1.8.15.jar;C:\Users\naman_kumar\.m2\repository\org\apache\commons\commons-exec\1.3\commons-exec-1.3.jar;C:\Users\naman_kumar\.m2\repository\com\squareup\okhttp3\okhttp\3.11.0\okhttp-3.11.0.jar;C:\Users\naman_kumar\.m2\repository\com\squareup\okio\okio\1.14.0\okio-1.14.0.jar;C:\Users\naman_kumar\.m2\repository\org\testng\testng\7.3.0\testng-7.3.0.jar;C:\Users\naman_kumar\.m2\repository\com\beust\jcommander\1.78\jcommander-1.78.jar;C:\Users\naman_kumar\.m2\repository\org\apache\ant\ant\1.10.3\ant-1.10.3.jar;C:\Users\naman_kumar\.m2\repository\org\apache\ant\ant-launcher\1.10.3\ant-launcher-1.10.3.jar;C:\Users\naman_kumar\.m2\repository\com\google\inject\guice\4.2.2\guice-4.2.2-no_aop.jar;C:\Users\naman_kumar\.m2\repository\javax\inject\javax.inject\1\javax.inject-1.jar;C:\Users\naman_kumar\.m2\repository\aopalliance\aopalliance\1.0\aopalliance-1.0.jar;C:\Users\naman_kumar\.m2\repository\org\yaml\snakeyaml\1.21\snakeyaml-1.21.jar;C:\Users\naman_kumar\.m2\repository\com\aventstack\extentreports\5.0.3\extentreports-5.0.3.jar;C:\Users\naman_kumar\.m2\repository\io\reactivex\rxjava3\rxjava\3.0.4\rxjava-3.0.4.jar;C:\Users\naman_kumar\.m2\repository\org\reactivestreams\reactive-streams\1.0.3\reactive-streams-1.0.3.jar;C:\Users\naman_kumar\.m2\repository\org\freemarker\freemarker\2.3.30\freemarker-2.3.30.jar;C:\Users\naman_kumar\.m2\repository\org\projectlombok\lombok\1.18.12\lombok-1.18.12.jar;C:\Users\naman_kumar\.m2\repository\com\google\code\gson\gson\2.8.6\gson-2.8.6.jar;C:\Users\naman_kumar\.m2\repository\com\relevantcodes\extentreports\2.41.2\extentreports-2.41.2.jar;C:\Users\naman_kumar\.m2\repository\org\jsoup\jsoup\1.8.3\jsoup-1.8.3.jar;C:\Users\naman_kumar\.m2\repository\org\xerial\sqlite-jdbc\3.8.11.1\sqlite-jdbc-3.8.11.1.jar;C:\Users\naman_kumar\.m2\repository\org\mongodb\mongodb-driver\3.0.4\mongodb-driver-3.0.4.jar;C:\Users\naman_kumar\.m2\repository\org\mongodb\bson\3.0.4\bson-3.0.4.jar;C:\Users\naman_kumar\.m2\repository\org\mongodb\mongodb-driver-core\3.0.4\mongodb-driver-core-3.0.4.jar;C:\Users\naman_kumar\.m2\repository\org\apache\commons\commons-lang3\3.11\commons-lang3-3.11.jar;C:\Users\naman_kumar\.m2\repository\org\seleniumhq\selenium\htmlunit-driver\2.43.1\htmlunit-driver-2.43.1.jar;C:\Users\naman_kumar\.m2\repository\net\sourceforge\htmlunit\htmlunit\2.43.0\htmlunit-2.43.0.jar;C:\Users\naman_kumar\.m2\repository\xalan\xalan\2.7.2\xalan-2.7.2.jar;C:\Users\naman_kumar\.m2\repository\xalan\serializer\2.7.2\serializer-2.7.2.jar;C:\Users\naman_kumar\.m2\repository\org\apache\commons\commons-text\1.9\commons-text-1.9.jar;C:\Users\naman_kumar\.m2\repository\net\sourceforge\htmlunit\htmlunit-core-js\2.43.0\htmlunit-core-js-2.43.0.jar;C:\Users\naman_kumar\.m2\repository\net\sourceforge\htmlunit\neko-htmlunit\2.43.0\neko-htmlunit-2.43.0.jar;C:\Users\naman_kumar\.m2\repository\xerces\xercesImpl\2.12.0\xercesImpl-2.12.0.jar;C:\Users\naman_kumar\.m2\repository\xml-apis\xml-apis\1.4.01\xml-apis-1.4.01.jar;C:\Users\naman_kumar\.m2\repository\net\sourceforge\htmlunit\htmlunit-cssparser\1.5.0\htmlunit-cssparser-1.5.0.jar;C:\Users\naman_kumar\.m2\repository\commons-net\commons-net\3.7\commons-net-3.7.jar;C:\Users\naman_kumar\.m2\repository\org\brotli\dec\0.1.2\dec-0.1.2.jar;C:\Users\naman_kumar\.m2\repository\com\shapesecurity\salvation\2.7.2\salvation-2.7.2.jar;C:\Users\naman_kumar\.m2\repository\org\eclipse\jetty\websocket\websocket-client\9.4.31.v20200723\websocket-client-9.4.31.v20200723.jar;C:\Users\naman_kumar\.m2\repository\org\eclipse\jetty\jetty-client\9.4.31.v20200723\jetty-client-9.4.31.v20200723.jar;C:\Users\naman_kumar\.m2\repository\org\eclipse\jetty\jetty-http\9.4.31.v20200723\jetty-http-9.4.31.v20200723.jar;C:\Users\naman_kumar\.m2\repository\org\eclipse\jetty\jetty-xml\9.4.31.v20200723\jetty-xml-9.4.31.v20200723.jar;C:\Users\naman_kumar\.m2\repository\org\eclipse\jetty\jetty-util\9.4.31.v20200723\jetty-util-9.4.31.v20200723.jar;C:\Users\naman_kumar\.m2\repository\org\eclipse\jetty\jetty-io\9.4.31.v20200723\jetty-io-9.4.31.v20200723.jar;C:\Users\naman_kumar\.m2\repository\org\eclipse\jetty\websocket\websocket-common\9.4.31.v20200723\websocket-common-9.4.31.v20200723.jar;C:\Users\naman_kumar\.m2\repository\org\eclipse\jetty\websocket\websocket-api\9.4.31.v20200723\websocket-api-9.4.31.v20200723.jar;C:\Users\naman_kumar\.m2\repository\com\assertthat\selenium-shutterbug\1.2\selenium-shutterbug-1.2.jar;C:\Users\naman_kumar\.m2\repository\commons-io\commons-io\2.6\commons-io-2.6.jar;C:\Users\naman_kumar\.m2\repository\com\github\zafarkhaja\java-semver\0.9.0\java-semver-0.9.0.jar;C:\Users\naman_kumar\.m2\repository\ru\yandex\qatools\ashot\ashot\1.5.4\ashot-1.5.4.jar;C:\Users\naman_kumar\.m2\repository\com\fasterxml\jackson\core\jackson-databind\2.11.3\jackson-databind-2.11.3.jar;C:\Users\naman_kumar\.m2\repository\com\fasterxml\jackson\core\jackson-annotations\2.11.3\jackson-annotations-2.11.3.jar;C:\Users\naman_kumar\.m2\repository\com\fasterxml\jackson\core\jackson-core\2.11.3\jackson-core-2.11.3.jar;C:\Users\naman_kumar\.m2\repository\com\googlecode\json-simple\json-simple\1.1.1\json-simple-1.1.1.jar;C:\Users\naman_kumar\.m2\repository\com\jayway\jsonpath\json-path\2.4.0\json-path-2.4.0.jar;C:\Users\naman_kumar\.m2\repository\org\slf4j\slf4j-api\1.7.30\slf4j-api-1.7.30.jar;C:\Users\naman_kumar\.m2\repository\org\slf4j\slf4j-simple\1.7.30\slf4j-simple-1.7.30.jar;C:\Users\naman_kumar\.m2\repository\net\minidev\json-smart\2.3\json-smart-2.3.jar;C:\Users\naman_kumar\.m2\repository\net\minidev\accessors-smart\1.2\accessors-smart-1.2.jar;C:\Users\naman_kumar\.m2\repository\org\ow2\asm\asm\5.0.4\asm-5.0.4.jar;C:\Users\naman_kumar\.m2\repository\javax\xml\bind\jaxb-api\2.2.12\jaxb-api-2.2.12.jar;C:\Users\naman_kumar\.m2\repository\io\rest-assured\rest-assured\3.1.1\rest-assured-3.1.1.jar;C:\Users\naman_kumar\.m2\repository\org\codehaus\groovy\groovy\2.4.12\groovy-2.4.12.jar;C:\Users\naman_kumar\.m2\repository\org\codehaus\groovy\groovy-xml\2.4.12\groovy-xml-2.4.12.jar;C:\Users\naman_kumar\.m2\repository\org\apache\httpcomponents\httpmime\4.5.1\httpmime-4.5.1.jar;C:\Users\naman_kumar\.m2\repository\org\hamcrest\hamcrest-core\1.3\hamcrest-core-1.3.jar;C:\Users\naman_kumar\.m2\repository\org\hamcrest\hamcrest-library\1.3\hamcrest-library-1.3.jar;C:\Users\naman_kumar\.m2\repository\org\ccil\cowan\tagsoup\tagsoup\1.2.1\tagsoup-1.2.1.jar;C:\Users\naman_kumar\.m2\repository\io\rest-assured\json-path\3.1.1\json-path-3.1.1.jar;C:\Users\naman_kumar\.m2\repository\io\rest-assured\rest-assured-common\3.1.1\rest-assured-common-3.1.1.jar;C:\Users\naman_kumar\.m2\repository\io\rest-assured\xml-path\3.1.1\xml-path-3.1.1.jar;C:\Users\naman_kumar\.m2\repository\com\github\opendevl\json2flat\1.0.3\json2flat-1.0.3.jar;C:\Users\naman_kumar\.m2\repository\org\apache\logging\log4j\log4j-api\2.14.1\log4j-api-2.14.1.jar;C:\Users\naman_kumar\.m2\repository\org\apache\logging\log4j\log4j-core\2.14.1\log4j-core-2.14.1.jar;C:\Users\naman_kumar\.m2\repository\io\github\bonigarcia\webdrivermanager\4.2.2\webdrivermanager-4.2.2.jar;C:\Users\naman_kumar\.m2\repository\org\apache\httpcomponents\client5\httpclient5\5.0.1\httpclient5-5.0.1.jar;C:\Users\naman_kumar\.m2\repository\org\apache\httpcomponents\core5\httpcore5\5.0.1\httpcore5-5.0.1.jar;C:\Users\naman_kumar\.m2\repository\org\apache\httpcomponents\core5\httpcore5-h2\5.0.1\httpcore5-h2-5.0.1.jar;C:\Users\naman_kumar\.m2\repository\org\rauschig\jarchivelib\1.1.0\jarchivelib-1.1.0.jar;C:\Users\naman_kumar\.m2\repository\io\appium\java-client\7.4.1\java-client-7.4.1.jar;C:\Users\naman_kumar\.m2\repository\cglib\cglib\3.3.0\cglib-3.3.0.jar;C:\Users\naman_kumar\.m2\repository\commons-validator\commons-validator\1.7\commons-validator-1.7.jar;C:\Users\naman_kumar\.m2\repository\commons-beanutils\commons-beanutils\1.9.4\commons-beanutils-1.9.4.jar;C:\Users\naman_kumar\.m2\repository\commons-digester\commons-digester\2.1\commons-digester-2.1.jar;C:\Users\naman_kumar\.m2\repository\commons-collections\commons-collections\3.2.2\commons-collections-3.2.2.jar;C:\Users\naman_kumar\.m2\repository\org\springframework\spring-context\5.3.1\spring-context-5.3.1.jar;C:\Users\naman_kumar\.m2\repository\org\springframework\spring-aop\5.3.1\spring-aop-5.3.1.jar;C:\Users\naman_kumar\.m2\repository\org\springframework\spring-beans\5.3.1\spring-beans-5.3.1.jar;C:\Users\naman_kumar\.m2\repository\org\springframework\spring-core\5.3.1\spring-core-5.3.1.jar;C:\Users\naman_kumar\.m2\repository\org\springframework\spring-jcl\5.3.1\spring-jcl-5.3.1.jar;C:\Users\naman_kumar\.m2\repository\org\springframework\spring-expression\5.3.1\spring-expression-5.3.1.jar;C:\Users\naman_kumar\.m2\repository\org\aspectj\aspectjweaver\1.9.6\aspectjweaver-1.9.6.jar;C:\Users\naman_kumar\.m2\repository\mysql\mysql-connector-java\8.0.27\mysql-connector-java-8.0.27.jar;C:\Users\naman_kumar\.m2\repository\com\google\protobuf\protobuf-java\3.11.4\protobuf-java-3.11.4.jar;C:\Users\naman_kumar\.m2\repository\com\oracle\database\jdbc\ojdbc8\19.3.0.0\ojdbc8-19.3.0.0.jar;C:\Users\naman_kumar\.m2\repository\com\oracle\database\jdbc\ucp\19.3.0.0\ucp-19.3.0.0.jar;C:\Users\naman_kumar\.m2\repository\com\oracle\database\security\oraclepki\19.3.0.0\oraclepki-19.3.0.0.jar;C:\Users\naman_kumar\.m2\repository\com\oracle\database\security\osdt_cert\19.3.0.0\osdt_cert-19.3.0.0.jar;C:\Users\naman_kumar\.m2\repository\com\oracle\database\security\osdt_core\19.3.0.0\osdt_core-19.3.0.0.jar;C:\Users\naman_kumar\.m2\repository\com\oracle\database\ha\simplefan\19.3.0.0\simplefan-19.3.0.0.jar;C:\Users\naman_kumar\.m2\repository\com\oracle\database\ha\ons\19.3.0.0\ons-19.3.0.0.jar;C:\Users\naman_kumar\.m2\repository\org\postgresql\postgresql\42.2.15\postgresql-42.2.15.jar;C:\Users\naman_kumar\.m2\repository\org\checkerframework\checker-qual\3.5.0\checker-qual-3.5.0.jar;C:\Users\naman_kumar\.m2\repository\com\predic8\soa-model-core\1.6.0\soa-model-core-1.6.0.jar;C:\Users\naman_kumar\.m2\repository\org\codehaus\groovy\groovy-json\2.4.7\groovy-json-2.4.7.jar;C:\Users\naman_kumar\.m2\repository\org\slf4j\jcl-over-slf4j\1.7.21\jcl-over-slf4j-1.7.21.jar;C:\Users\naman_kumar\.m2\repository\org\apache\httpcomponents\httpclient\4.5.2\httpclient-4.5.2.jar;C:\Users\naman_kumar\.m2\repository\org\apache\httpcomponents\httpcore\4.4.4\httpcore-4.4.4.jar;C:\Users\naman_kumar\.m2\repository\org\jboss\aerogear\aerogear-otp-java\1.0.0\aerogear-otp-java-1.0.0.jar;"/>
    <property name="sun.cpu.endian" value="little"/>
    <property name="user.home" value="C:\Users\naman_kumar"/>
    <property name="user.language" value="en"/>
    <property name="java.specification.vendor" value="Oracle Corporation"/>
    <property name="java.version.date" value="2020-01-14"/>
    <property name="java.home" value="C:\Program Files\AdoptOpenJDK\jdk-11.0.6.10-hotspot"/>
    <property name="testng.dtd.http" value="true"/>
    <property name="file.separator" value="\"/>
    <property name="basedir" value="D:\internalProject\Scripter\Scripter\bin\Debug\net6.0"/>
    <property name="java.vm.compressedOopsMode" value="Zero based"/>
    <property name="line.separator" value="&#10;"/>
    <property name="java.specification.name" value="Java Platform API Specification"/>
    <property name="java.vm.specification.vendor" value="Oracle Corporation"/>
    <property name="java.awt.graphicsenv" value="sun.awt.Win32GraphicsEnvironment"/>
    <property name="surefire.real.class.path" value="C:\Users\naman_kumar\AppData\Local\Temp\surefire3003107984750820788\surefirebooter9042965891299618931.jar"/>
    <property name="user.script" value=""/>
    <property name="sun.management.compiler" value="HotSpot 64-Bit Tiered Compilers"/>
    <property name="java.runtime.version" value="11.0.6+10"/>
    <property name="user.name" value="naman_kumar"/>
    <property name="path.separator" value=";"/>
    <property name="timeout" value="200"/>
    <property name="os.version" value="10.0"/>
    <property name="java.runtime.name" value="OpenJDK Runtime Environment"/>
    <property name="file.encoding" value="UTF-8"/>
    <property name="browser" value="chrome"/>
    <property name="java.vm.name" value="OpenJDK 64-Bit Server VM"/>
    <property name="java.vendor.version" value="AdoptOpenJDK"/>
    <property name="scriptfilename" value=".log"/>
    <property name="localRepository" value="C:\Users\naman_kumar\.m2\repository"/>
    <property name="java.vendor.url.bug" value="https://github.com/AdoptOpenJDK/openjdk-support/issues"/>
    <property name="java.io.tmpdir" value="C:\Users\NAMAN_~1\AppData\Local\Temp\"/>
    <property name="java.version" value="11.0.6"/>
    <property name="org" value="Org/ScriptQA"/>
    <property name="user.dir" value="D:\internalProject\Scripter\Scripter\bin\Debug\net6.0"/>
    <property name="os.arch" value="amd64"/>
    <property name="java.vm.specification.name" value="Java Virtual Machine Specification"/>
    <property name="java.awt.printerjob" value="sun.awt.windows.WPrinterJob"/>
    <property name="sun.os.patch.level" value=""/>
    <property name="url" value="https://login.salesforce.com"/>
    <property name="java.library.path" value="C:\Program Files\AdoptOpenJDK\jdk-11.0.6.10-hotspot\bin;C:\Windows\Sun\Java\bin;C:\Windows\system32;C:\Windows;C:\Program Files\AdoptOpenJDK\jdk-11.0.6.10-hotspot\bin;D:\softwares\WINDOWS.X64_193000_db_home\bin;C:\oraclexe\app\oracle\product\11.2.0\server\bin;C:\ProgramData\Oracle\Java\javapath;C:\Windows\system32;C:\Windows;C:\Windows\System32\Wbem;C:\Windows\System32\WindowsPowerShell\v1.0\;C:\Windows\System32\OpenSSH\;C:\Program Files\Microsoft SQL Server\Client SDK\ODBC\170\Tools\Binn\;C:\Program Files (x86)\Microsoft SQL Server\150\Tools\Binn\;C:\Program Files\Microsoft SQL Server\150\Tools\Binn\;C:\Program Files\Microsoft SQL Server\150\DTS\Binn\;C:\Program Files\dotnet\;C:\Program Files\Git\cmd;C:\Program Files (x86)\Microsoft SQL Server\150\DTS\Binn\;C:\Program Files\Azure Data Studio\bin;C:\Program Files\nodejs\;D:\apache-maven-3.8.1-bin (1)\apache-maven-3.8.1\bin;C:\Users\naman_kumar\AppData\Local\Programs\Python\Python39\Scripts\;C:\Users\naman_kumar\AppData\Local\Programs\Python\Python39\;C:\Users\naman_kumar\AppData\Local\Microsoft\WindowsApps;C:\Users\naman_kumar\AppData\Local\Programs\Microsoft VS Code\bin;C:\Users\naman_kumar\AppData\Local\Programs\Git\cmd;C:\Users\naman_kumar\.dotnet\tools;C:\Program Files\Azure Data Studio\bin;C:\Users\naman_kumar\AppData\Local\GitHubDesktop\bin;D:\apache-maven-3.8.1-bin (1)\apache-maven-3.8.1\bin;C:\Program Files\AdoptOpenJDK\jdk-11.0.6.10-hotspot\bin;;."/>
    <property name="java.vendor" value="AdoptOpenJDK"/>
    <property name="java.vm.info" value="mixed mode"/>
    <property name="java.vm.version" value="11.0.6+10"/>
    <property name="sun.io.unicode.encoding" value="UnicodeLittle"/>
    <property name="java.class.version" value="55.0"/>
    <property name="config" value="Default"/>
    <property name="username" value="sikander_ansari@persistent.com"/>
  </properties>
  <testcase name="Execute_Configuration" classname="com.persistent.daisy.core.Test_Cases" time="17.563">
    <failure message="Invalid locator type submit is provided. Locator Type is case sensitive. Supported Locator Types are: cssSelector, name, tag, xpath, Link, id, label_for and className. Please refer Daisy documentation for more details." type="java.lang.AssertionError"><![CDATA[java.lang.AssertionError: Invalid locator type submit is provided. Locator Type is case sensitive. Supported Locator Types are: cssSelector, name, tag, xpath, Link, id, label_for and className. Please refer Daisy documentation for more details.
	at com.persistent.daisy.core.Test_Cases.Execute_Configuration(Test_Cases.java:230)
]]></failure>
    <system-out><![CDATA[[main] 2023-02-25 17:56:42 INFO  - Configurations.initialize
[main] 2023-02-25 17:56:42 INFO  - Build release inforamtion: 

Environment Name: Default
[main] 2023-02-25 17:56:42 INFO  - ScriptDir: ./Org/Script
[main] 2023-02-25 17:56:42 INFO  - DataDir: ./Org/Script/DataScript
[main] 2023-02-25 17:56:42 INFO  - ConfigDir: ./config
[main] 2023-02-25 17:56:42 INFO  - FileUploadDir: 
[main] 2023-02-25 17:56:42 WARN  - No Directory path entered
[main] 2023-02-25 17:56:42 INFO  - propFileName::: ./config\CustomConfig.properties
Getting all .lic  files in D:\internalProject\Scripter\Scripter\bin\Debug\net6.0 including those in subdirectories
Executing Master File: Master.xlsx
[main] 2023-02-25 17:56:43 INFO  - Opening local browser
[main] 2023-02-25 17:56:43 INFO  - Inside the setBrowser method
[main] 2023-02-25 17:56:43 INFO  - Setting up Chrome Browser
[main] 2023-02-25 17:56:43 INFO  - ChromeManager class getDriver()STARTED.....
[main] 2023-02-25 17:56:44 INFO  - Configurations.PATH value  = D:\internalProject\Scripter\Scripter\bin\Debug\net6.0\
[main] 2023-02-25 17:56:44 INFO  - options= Capabilities {browserName: chrome}
[main] 2023-02-25 17:56:46 INFO  - Setting up Explicit Wait with timeout 10
Opening Web Platform
[main] 2023-02-25 17:56:46 INFO  - ExtLoader, construtor, setting driver as null
[main] 2023-02-25 17:56:46 INFO  - ==== Loading extensions ====
[main] 2023-02-25 17:56:46 INFO  - Loading extensions from =  D:\internalProject\Scripter\Scripter\bin\Debug\net6.0\/lib/extensions/
[main] 2023-02-25 17:56:46 INFO  - Total ext count : 9
[main] 2023-02-25 17:56:46 INFO  - Loading : D:\internalProject\Scripter\Scripter\bin\Debug\net6.0\lib\extensions\daisy-ext-api-0.0.1.jar
[main] 2023-02-25 17:56:46 INFO  - Loading : D:\internalProject\Scripter\Scripter\bin\Debug\net6.0\lib\extensions\daisy-ext-azureupdate-0.0.1.jar
[main] 2023-02-25 17:56:46 INFO  - Loading : D:\internalProject\Scripter\Scripter\bin\Debug\net6.0\lib\extensions\daisy-ext-debug-0.0.1.jar
[main] 2023-02-25 17:56:46 INFO  - Loading : D:\internalProject\Scripter\Scripter\bin\Debug\net6.0\lib\extensions\daisy-ext-fileio-0.0.1.jar
[main] 2023-02-25 17:56:46 INFO  - Loading : D:\internalProject\Scripter\Scripter\bin\Debug\net6.0\lib\extensions\daisy-ext-perf-0.0.1.jar
[main] 2023-02-25 17:56:46 INFO  - Loading : D:\internalProject\Scripter\Scripter\bin\Debug\net6.0\lib\extensions\daisy-ext-recordaction-0.0.1.jar
[main] 2023-02-25 17:56:46 INFO  - Loading : D:\internalProject\Scripter\Scripter\bin\Debug\net6.0\lib\extensions\daisy-ext-seleniumcode-0.0.1.jar
[main] 2023-02-25 17:56:46 INFO  - Loading : D:\internalProject\Scripter\Scripter\bin\Debug\net6.0\lib\extensions\daisy-ext-system-0.0.1.jar
[main] 2023-02-25 17:56:46 INFO  - Loading : D:\internalProject\Scripter\Scripter\bin\Debug\net6.0\lib\extensions\daisy-ext-uielement-0.0.1.jar
[main] 2023-02-25 17:56:46 INFO  - ==== 9 extensions loaded ====
[main] 2023-02-25 17:56:46 INFO  - Executing File : github_login14 and Sheet : Sheet1
[main] 2023-02-25 17:56:46 INFO  - #[ Filename: github_login14 ( sheet :Sheet1 ) on line no: 2 ]
[main] 2023-02-25 17:56:48 INFO  - User have entered URL successfully : https://github.com
[main] 2023-02-25 17:56:48 INFO  - #[ Filename: github_login14 ( sheet :Sheet1 ) on line no: 3 ]
[main] 2023-02-25 17:56:48 INFO  - Invalid command or no command found. Given Command Name is : xpath. Please refer Daisy documentation for correct command. 
[main] 2023-02-25 17:56:48 INFO  - >>>Failed  in github_login14 ( sheet :Sheet1 ) on line no: 3
[main] 2023-02-25 17:56:48 INFO  - #[ Filename: github_login14 ( sheet :Sheet1 ) on line no: 4 ]
[main] 2023-02-25 17:56:48 INFO  - Invalid command or no command found. Given Command Name is : Text. Please refer Daisy documentation for correct command. 
[main] 2023-02-25 17:56:48 INFO  - >>>Failed  in github_login14 ( sheet :Sheet1 ) on line no: 4
[main] 2023-02-25 17:56:48 INFO  - #[ Filename: github_login14 ( sheet :Sheet1 ) on line no: 5 ]
[main] 2023-02-25 17:56:48 INFO  - Invalid command or no command found. Given Command Name is : password. Please refer Daisy documentation for correct command. 
[main] 2023-02-25 17:56:48 INFO  - >>>Failed  in github_login14 ( sheet :Sheet1 ) on line no: 5
[main] 2023-02-25 17:56:48 INFO  - #[ Filename: github_login14 ( sheet :Sheet1 ) on line no: 6 ]
[main] 2023-02-25 17:56:49 WARN  - Invalid locator type submit is provided. Locator Type is case sensitive. Supported Locator Types are: cssSelector, name, tag, xpath, Link, id, label_for and className. Please refer Daisy documentation for more details.No enum constant com.persistent.daisy.core.browser.SeleniumUtils.Locators.submit
]]></system-out>
    <system-err><![CDATA[[main] INFO io.github.bonigarcia.wdm.WebDriverManager - Using chromedriver 110.0.5481.77 (resolved driver for Chrome 110)
[main] INFO io.github.bonigarcia.wdm.WebDriverManager - Exporting webdriver.chrome.driver as C:\Users\naman_kumar\.cache\selenium\chromedriver\win32\110.0.5481.77\chromedriver.exe
Starting ChromeDriver 110.0.5481.77 (65ed616c6e8ee3fe0ad64fe83796c020644d42af-refs/branch-heads/5481@{#839}) on port 6199
Only local connections are allowed.
Please see https://chromedriver.chromium.org/security-considerations for suggestions on keeping ChromeDriver safe.
ChromeDriver was started successfully.
[1677328005.795][WARNING]: virtual void DevToolsClientImpl::AddListener(DevToolsEventListener *) subscribing a listener to the already connected DevToolsClient. Connection notification will not arrive.
Feb 25, 2023 5:56:46 PM org.openqa.selenium.remote.ProtocolHandshake createSession
INFO: Detected dialect: W3C
]]></system-err>
  </testcase>
  <testcase name="Execute_Configuration" classname="com.persistent.daisy.core.Test_Cases" time="0">
    <skipped message="Skipping the execution of file  as Execute flag set to No"/>
    <system-out><![CDATA[[main] 2023-02-25 17:57:01 ERROR - Invalid locator type submit is provided. Locator Type is case sensitive. Supported Locator Types are: cssSelector, name, tag, xpath, Link, id, label_for and className. Please refer Daisy documentation for more details.
[main] 2023-02-25 17:57:01 ERROR - !!!Failure in github_login14 ( sheet : Sheet1 ) on line no: 6
[main] 2023-02-25 17:57:01 ERROR - ERROR : Invalid locator type submit is provided. Locator Type is case sensitive. Supported Locator Types are: cssSelector, name, tag, xpath, Link, id, label_for and className. Please refer Daisy documentation for more details.
[main] 2023-02-25 17:57:01 INFO  - Skipped by User - 
]]></system-out>
  </testcase>
  <testcase name="Execute_Configuration" classname="com.persistent.daisy.core.Test_Cases" time="0">
    <skipped message="Skipping the execution of file  as Execute flag set to No"/>
    <system-out><![CDATA[[main] 2023-02-25 17:57:01 INFO  - Skipped by User - 
]]></system-out>
  </testcase>
  <testcase name="Execute_Configuration" classname="com.persistent.daisy.core.Test_Cases" time="0">
    <skipped message="Skipping the execution of file  as Execute flag set to No"/>
    <system-out><![CDATA[[main] 2023-02-25 17:57:01 INFO  - Skipped by User - 
]]></system-out>
  </testcase>
  <testcase name="Execute_Configuration" classname="com.persistent.daisy.core.Test_Cases" time="0">
    <skipped message="Skipping the execution of file  as Execute flag set to No"/>
    <system-out><![CDATA[[main] 2023-02-25 17:57:01 INFO  - Skipped by User - 
]]></system-out>
  </testcase>
  <testcase name="Execute_Configuration" classname="com.persistent.daisy.core.Test_Cases" time="0">
    <skipped message="Skipping the execution of file  as Execute flag set to No"/>
    <system-out><![CDATA[[main] 2023-02-25 17:57:01 INFO  - Skipped by User - 
]]></system-out>
  </testcase>
  <testcase name="Execute_Configuration" classname="com.persistent.daisy.core.Test_Cases" time="0">
    <skipped message="Skipping the execution of file  as Execute flag set to No"/>
    <system-out><![CDATA[[main] 2023-02-25 17:57:01 INFO  - Skipped by User - 
]]></system-out>
  </testcase>
  <testcase name="Execute_Configuration" classname="com.persistent.daisy.core.Test_Cases" time="0">
    <skipped message="Skipping the execution of file  as Execute flag set to No"/>
    <system-out><![CDATA[[main] 2023-02-25 17:57:01 INFO  - Skipped by User - 
]]></system-out>
  </testcase>
  <testcase name="Execute_Configuration" classname="com.persistent.daisy.core.Test_Cases" time="0">
    <skipped message="Skipping the execution of file  as Execute flag set to No"/>
    <system-out><![CDATA[[main] 2023-02-25 17:57:01 INFO  - Skipped by User - 
]]></system-out>
  </testcase>
  <testcase name="Execute_Configuration" classname="com.persistent.daisy.core.Test_Cases" time="0">
    <skipped message="Skipping the execution of file  as Execute flag set to No"/>
    <system-out><![CDATA[[main] 2023-02-25 17:57:01 INFO  - Skipped by User - 
]]></system-out>
  </testcase>
  <testcase name="FailedTests" classname="com.persistent.daisy.core.Test_Cases" time="0"/>
</testsuite>