<?xml version="1.0" encoding="UTF-8"?>
<!-- Generated by org.testng.reporters.JUnitReportReporter -->
<testsuite skipped="113" hostname="GAL000310" name="com.persistent.daisy.core.Test_Cases" tests="115" failures="0" timestamp="2023-04-27T14:25:58 IST" time="18.710" errors="0">
  <testcase name="Execute_Configuration" time="0.004" classname="com.persistent.daisy.core.Test_Cases">
    <skipped/>
  </testcase> <!-- Execute_Configuration -->
  <system-out/>
  <testcase name="Execute_Configuration" time="0.013" classname="com.persistent.daisy.core.Test_Cases">
    <skipped/>
  </testcase> <!-- Execute_Configuration -->
  <system-out/>
  <testcase name="Execute_Configuration" time="0.001" classname="com.persistent.daisy.core.Test_Cases">
    <skipped/>
  </testcase> <!-- Execute_Configuration -->
  <system-out/>
  <testcase name="Execute_Configuration" time="0.000" classname="com.persistent.daisy.core.Test_Cases">
    <skipped/>
  </testcase> <!-- Execute_Configuration -->
  <system-out/>
  <testcase name="Execute_Configuration" time="0.002" classname="com.persistent.daisy.core.Test_Cases">
    <skipped/>
  </testcase> <!-- Execute_Configuration -->
  <system-out/>
  <testcase name="Execute_Configuration" time="0.011" classname="com.persistent.daisy.core.Test_Cases">
    <skipped/>
  </testcase> <!-- Execute_Configuration -->
  <system-out/>
  <testcase name="Execute_Configuration" time="0.001" classname="com.persistent.daisy.core.Test_Cases">
    <skipped/>
  </testcase> <!-- Execute_Configuration -->
  <system-out/>
  <testcase name="Execute_Configuration" time="0.000" classname="com.persistent.daisy.core.Test_Cases">
    <skipped/>
  </testcase> <!-- Execute_Configuration -->
  <system-out/>
  <testcase name="Execute_Configuration" time="0.002" classname="com.persistent.daisy.core.Test_Cases">
    <skipped/>
  </testcase> <!-- Execute_Configuration -->
  <system-out/>
  <testcase name="Execute_Configuration" time="0.002" classname="com.persistent.daisy.core.Test_Cases">
    <skipped/>
  </testcase> <!-- Execute_Configuration -->
  <system-out/>
  <testcase name="Execute_Configuration" time="0.003" classname="com.persistent.daisy.core.Test_Cases">
    <skipped/>
  </testcase> <!-- Execute_Configuration -->
  <system-out/>
  <testcase name="Execute_Configuration" time="0.001" classname="com.persistent.daisy.core.Test_Cases">
    <skipped/>
  </testcase> <!-- Execute_Configuration -->
  <system-out/>
  <testcase name="Execute_Configuration" time="0.001" classname="com.persistent.daisy.core.Test_Cases">
    <skipped/>
  </testcase> <!-- Execute_Configuration -->
  <system-out/>
  <testcase name="Execute_Configuration" time="0.001" classname="com.persistent.daisy.core.Test_Cases">
    <skipped/>
  </testcase> <!-- Execute_Configuration -->
  <system-out/>
  <testcase name="Execute_Configuration" time="0.001" classname="com.persistent.daisy.core.Test_Cases">
    <skipped/>
  </testcase> <!-- Execute_Configuration -->
  <system-out/>
  <testcase name="Execute_Configuration" time="0.000" classname="com.persistent.daisy.core.Test_Cases">
    <skipped/>
  </testcase> <!-- Execute_Configuration -->
  <system-out/>
  <testcase name="Execute_Configuration" time="0.000" classname="com.persistent.daisy.core.Test_Cases">
    <skipped/>
  </testcase> <!-- Execute_Configuration -->
  <system-out/>
  <testcase name="Execute_Configuration" time="0.001" classname="com.persistent.daisy.core.Test_Cases">
    <skipped/>
  </testcase> <!-- Execute_Configuration -->
  <system-out/>
  <testcase name="Execute_Configuration" time="0.001" classname="com.persistent.daisy.core.Test_Cases">
    <skipped/>
  </testcase> <!-- Execute_Configuration -->
  <system-out/>
  <testcase name="Execute_Configuration" time="0.000" classname="com.persistent.daisy.core.Test_Cases">
    <skipped/>
  </testcase> <!-- Execute_Configuration -->
  <system-out/>
  <testcase name="Execute_Configuration" time="18.492" classname="com.persistent.daisy.core.Test_Cases"/>
  <system-out/>
  <testcase name="Execute_Configuration" time="0.002" classname="com.persistent.daisy.core.Test_Cases">
    <skipped/>
  </testcase> <!-- Execute_Configuration -->
  <system-out/>
  <testcase name="Execute_Configuration" time="0.001" classname="com.persistent.daisy.core.Test_Cases">
    <skipped/>
  </testcase> <!-- Execute_Configuration -->
  <system-out/>
  <testcase name="Execute_Configuration" time="0.002" classname="com.persistent.daisy.core.Test_Cases">
    <skipped/>
  </testcase> <!-- Execute_Configuration -->
  <system-out/>
  <testcase name="Execute_Configuration" time="0.001" classname="com.persistent.daisy.core.Test_Cases">
    <skipped/>
  </testcase> <!-- Execute_Configuration -->
  <system-out/>
  <testcase name="Execute_Configuration" time="0.001" classname="com.persistent.daisy.core.Test_Cases">
    <skipped/>
  </testcase> <!-- Execute_Configuration -->
  <system-out/>
  <testcase name="Execute_Configuration" time="0.002" classname="com.persistent.daisy.core.Test_Cases">
    <skipped/>
  </testcase> <!-- Execute_Configuration -->
  <system-out/>
  <testcase name="Execute_Configuration" time="0.001" classname="com.persistent.daisy.core.Test_Cases">
    <skipped/>
  </testcase> <!-- Execute_Configuration -->
  <system-out/>
  <testcase name="Execute_Configuration" time="0.001" classname="com.persistent.daisy.core.Test_Cases">
    <skipped/>
  </testcase> <!-- Execute_Configuration -->
  <system-out/>
  <testcase name="Execute_Configuration" time="0.001" classname="com.persistent.daisy.core.Test_Cases">
    <skipped/>
  </testcase> <!-- Execute_Configuration -->
  <system-out/>
  <testcase name="Execute_Configuration" time="0.001" classname="com.persistent.daisy.core.Test_Cases">
    <skipped/>
  </testcase> <!-- Execute_Configuration -->
  <system-out/>
  <testcase name="Execute_Configuration" time="0.059" classname="com.persistent.daisy.core.Test_Cases">
    <skipped/>
  </testcase> <!-- Execute_Configuration -->
  <system-out/>
  <testcase name="Execute_Configuration" time="0.001" classname="com.persistent.daisy.core.Test_Cases">
    <skipped/>
  </testcase> <!-- Execute_Configuration -->
  <system-out/>
  <testcase name="Execute_Configuration" time="0.001" classname="com.persistent.daisy.core.Test_Cases">
    <skipped/>
  </testcase> <!-- Execute_Configuration -->
  <system-out/>
  <testcase name="Execute_Configuration" time="0.002" classname="com.persistent.daisy.core.Test_Cases">
    <skipped/>
  </testcase> <!-- Execute_Configuration -->
  <system-out/>
  <testcase name="Execute_Configuration" time="0.002" classname="com.persistent.daisy.core.Test_Cases">
    <skipped/>
  </testcase> <!-- Execute_Configuration -->
  <system-out/>
  <testcase name="Execute_Configuration" time="0.001" classname="com.persistent.daisy.core.Test_Cases">
    <skipped/>
  </testcase> <!-- Execute_Configuration -->
  <system-out/>
  <testcase name="Execute_Configuration" time="0.001" classname="com.persistent.daisy.core.Test_Cases">
    <skipped/>
  </testcase> <!-- Execute_Configuration -->
  <system-out/>
  <testcase name="Execute_Configuration" time="0.000" classname="com.persistent.daisy.core.Test_Cases">
    <skipped/>
  </testcase> <!-- Execute_Configuration -->
  <system-out/>
  <testcase name="Execute_Configuration" time="0.003" classname="com.persistent.daisy.core.Test_Cases">
    <skipped/>
  </testcase> <!-- Execute_Configuration -->
  <system-out/>
  <testcase name="Execute_Configuration" time="0.001" classname="com.persistent.daisy.core.Test_Cases">
    <skipped/>
  </testcase> <!-- Execute_Configuration -->
  <system-out/>
  <testcase name="Execute_Configuration" time="0.001" classname="com.persistent.daisy.core.Test_Cases">
    <skipped/>
  </testcase> <!-- Execute_Configuration -->
  <system-out/>
  <testcase name="Execute_Configuration" time="0.002" classname="com.persistent.daisy.core.Test_Cases">
    <skipped/>
  </testcase> <!-- Execute_Configuration -->
  <system-out/>
  <testcase name="Execute_Configuration" time="0.002" classname="com.persistent.daisy.core.Test_Cases">
    <skipped/>
  </testcase> <!-- Execute_Configuration -->
  <system-out/>
  <testcase name="Execute_Configuration" time="0.000" classname="com.persistent.daisy.core.Test_Cases">
    <skipped/>
  </testcase> <!-- Execute_Configuration -->
  <system-out/>
  <testcase name="Execute_Configuration" time="0.002" classname="com.persistent.daisy.core.Test_Cases">
    <skipped/>
  </testcase> <!-- Execute_Configuration -->
  <system-out/>
  <testcase name="Execute_Configuration" time="0.001" classname="com.persistent.daisy.core.Test_Cases">
    <skipped/>
  </testcase> <!-- Execute_Configuration -->
  <system-out/>
  <testcase name="Execute_Configuration" time="0.002" classname="com.persistent.daisy.core.Test_Cases">
    <skipped/>
  </testcase> <!-- Execute_Configuration -->
  <system-out/>
  <testcase name="Execute_Configuration" time="0.003" classname="com.persistent.daisy.core.Test_Cases">
    <skipped/>
  </testcase> <!-- Execute_Configuration -->
  <system-out/>
  <testcase name="Execute_Configuration" time="0.002" classname="com.persistent.daisy.core.Test_Cases">
    <skipped/>
  </testcase> <!-- Execute_Configuration -->
  <system-out/>
  <testcase name="Execute_Configuration" time="0.001" classname="com.persistent.daisy.core.Test_Cases">
    <skipped/>
  </testcase> <!-- Execute_Configuration -->
  <system-out/>
  <testcase name="Execute_Configuration" time="0.001" classname="com.persistent.daisy.core.Test_Cases">
    <skipped/>
  </testcase> <!-- Execute_Configuration -->
  <system-out/>
  <testcase name="Execute_Configuration" time="0.001" classname="com.persistent.daisy.core.Test_Cases">
    <skipped/>
  </testcase> <!-- Execute_Configuration -->
  <system-out/>
  <testcase name="Execute_Configuration" time="0.001" classname="com.persistent.daisy.core.Test_Cases">
    <skipped/>
  </testcase> <!-- Execute_Configuration -->
  <system-out/>
  <testcase name="Execute_Configuration" time="0.000" classname="com.persistent.daisy.core.Test_Cases">
    <skipped/>
  </testcase> <!-- Execute_Configuration -->
  <system-out/>
  <testcase name="Execute_Configuration" time="0.001" classname="com.persistent.daisy.core.Test_Cases">
    <skipped/>
  </testcase> <!-- Execute_Configuration -->
  <system-out/>
  <testcase name="Execute_Configuration" time="0.001" classname="com.persistent.daisy.core.Test_Cases">
    <skipped/>
  </testcase> <!-- Execute_Configuration -->
  <system-out/>
  <testcase name="Execute_Configuration" time="0.002" classname="com.persistent.daisy.core.Test_Cases">
    <skipped/>
  </testcase> <!-- Execute_Configuration -->
  <system-out/>
  <testcase name="Execute_Configuration" time="0.002" classname="com.persistent.daisy.core.Test_Cases">
    <skipped/>
  </testcase> <!-- Execute_Configuration -->
  <system-out/>
  <testcase name="Execute_Configuration" time="0.001" classname="com.persistent.daisy.core.Test_Cases">
    <skipped/>
  </testcase> <!-- Execute_Configuration -->
  <system-out/>
  <testcase name="Execute_Configuration" time="0.001" classname="com.persistent.daisy.core.Test_Cases">
    <skipped/>
  </testcase> <!-- Execute_Configuration -->
  <system-out/>
  <testcase name="Execute_Configuration" time="0.001" classname="com.persistent.daisy.core.Test_Cases">
    <skipped/>
  </testcase> <!-- Execute_Configuration -->
  <system-out/>
  <testcase name="Execute_Configuration" time="0.001" classname="com.persistent.daisy.core.Test_Cases">
    <skipped/>
  </testcase> <!-- Execute_Configuration -->
  <system-out/>
  <testcase name="Execute_Configuration" time="0.000" classname="com.persistent.daisy.core.Test_Cases">
    <skipped/>
  </testcase> <!-- Execute_Configuration -->
  <system-out/>
  <testcase name="Execute_Configuration" time="0.002" classname="com.persistent.daisy.core.Test_Cases">
    <skipped/>
  </testcase> <!-- Execute_Configuration -->
  <system-out/>
  <testcase name="Execute_Configuration" time="0.003" classname="com.persistent.daisy.core.Test_Cases">
    <skipped/>
  </testcase> <!-- Execute_Configuration -->
  <system-out/>
  <testcase name="Execute_Configuration" time="0.001" classname="com.persistent.daisy.core.Test_Cases">
    <skipped/>
  </testcase> <!-- Execute_Configuration -->
  <system-out/>
  <testcase name="Execute_Configuration" time="0.001" classname="com.persistent.daisy.core.Test_Cases">
    <skipped/>
  </testcase> <!-- Execute_Configuration -->
  <system-out/>
  <testcase name="Execute_Configuration" time="0.001" classname="com.persistent.daisy.core.Test_Cases">
    <skipped/>
  </testcase> <!-- Execute_Configuration -->
  <system-out/>
  <testcase name="Execute_Configuration" time="0.001" classname="com.persistent.daisy.core.Test_Cases">
    <skipped/>
  </testcase> <!-- Execute_Configuration -->
  <system-out/>
  <testcase name="Execute_Configuration" time="0.003" classname="com.persistent.daisy.core.Test_Cases">
    <skipped/>
  </testcase> <!-- Execute_Configuration -->
  <system-out/>
  <testcase name="Execute_Configuration" time="0.001" classname="com.persistent.daisy.core.Test_Cases">
    <skipped/>
  </testcase> <!-- Execute_Configuration -->
  <system-out/>
  <testcase name="Execute_Configuration" time="0.001" classname="com.persistent.daisy.core.Test_Cases">
    <skipped/>
  </testcase> <!-- Execute_Configuration -->
  <system-out/>
  <testcase name="Execute_Configuration" time="0.001" classname="com.persistent.daisy.core.Test_Cases">
    <skipped/>
  </testcase> <!-- Execute_Configuration -->
  <system-out/>
  <testcase name="Execute_Configuration" time="0.001" classname="com.persistent.daisy.core.Test_Cases">
    <skipped/>
  </testcase> <!-- Execute_Configuration -->
  <system-out/>
  <testcase name="Execute_Configuration" time="0.001" classname="com.persistent.daisy.core.Test_Cases">
    <skipped/>
  </testcase> <!-- Execute_Configuration -->
  <system-out/>
  <testcase name="Execute_Configuration" time="0.000" classname="com.persistent.daisy.core.Test_Cases">
    <skipped/>
  </testcase> <!-- Execute_Configuration -->
  <system-out/>
  <testcase name="Execute_Configuration" time="0.001" classname="com.persistent.daisy.core.Test_Cases">
    <skipped/>
  </testcase> <!-- Execute_Configuration -->
  <system-out/>
  <testcase name="Execute_Configuration" time="0.002" classname="com.persistent.daisy.core.Test_Cases">
    <skipped/>
  </testcase> <!-- Execute_Configuration -->
  <system-out/>
  <testcase name="Execute_Configuration" time="0.001" classname="com.persistent.daisy.core.Test_Cases">
    <skipped/>
  </testcase> <!-- Execute_Configuration -->
  <system-out/>
  <testcase name="Execute_Configuration" time="0.001" classname="com.persistent.daisy.core.Test_Cases">
    <skipped/>
  </testcase> <!-- Execute_Configuration -->
  <system-out/>
  <testcase name="Execute_Configuration" time="0.001" classname="com.persistent.daisy.core.Test_Cases">
    <skipped/>
  </testcase> <!-- Execute_Configuration -->
  <system-out/>
  <testcase name="Execute_Configuration" time="0.005" classname="com.persistent.daisy.core.Test_Cases">
    <skipped/>
  </testcase> <!-- Execute_Configuration -->
  <system-out/>
  <testcase name="Execute_Configuration" time="0.001" classname="com.persistent.daisy.core.Test_Cases">
    <skipped/>
  </testcase> <!-- Execute_Configuration -->
  <system-out/>
  <testcase name="Execute_Configuration" time="0.002" classname="com.persistent.daisy.core.Test_Cases">
    <skipped/>
  </testcase> <!-- Execute_Configuration -->
  <system-out/>
  <testcase name="Execute_Configuration" time="0.000" classname="com.persistent.daisy.core.Test_Cases">
    <skipped/>
  </testcase> <!-- Execute_Configuration -->
  <system-out/>
  <testcase name="Execute_Configuration" time="0.001" classname="com.persistent.daisy.core.Test_Cases">
    <skipped/>
  </testcase> <!-- Execute_Configuration -->
  <system-out/>
  <testcase name="Execute_Configuration" time="0.001" classname="com.persistent.daisy.core.Test_Cases">
    <skipped/>
  </testcase> <!-- Execute_Configuration -->
  <system-out/>
  <testcase name="Execute_Configuration" time="0.001" classname="com.persistent.daisy.core.Test_Cases">
    <skipped/>
  </testcase> <!-- Execute_Configuration -->
  <system-out/>
  <testcase name="Execute_Configuration" time="0.000" classname="com.persistent.daisy.core.Test_Cases">
    <skipped/>
  </testcase> <!-- Execute_Configuration -->
  <system-out/>
  <testcase name="Execute_Configuration" time="0.000" classname="com.persistent.daisy.core.Test_Cases">
    <skipped/>
  </testcase> <!-- Execute_Configuration -->
  <system-out/>
  <testcase name="Execute_Configuration" time="0.000" classname="com.persistent.daisy.core.Test_Cases">
    <skipped/>
  </testcase> <!-- Execute_Configuration -->
  <system-out/>
  <testcase name="Execute_Configuration" time="0.002" classname="com.persistent.daisy.core.Test_Cases">
    <skipped/>
  </testcase> <!-- Execute_Configuration -->
  <system-out/>
  <testcase name="Execute_Configuration" time="0.000" classname="com.persistent.daisy.core.Test_Cases">
    <skipped/>
  </testcase> <!-- Execute_Configuration -->
  <system-out/>
  <testcase name="Execute_Configuration" time="0.001" classname="com.persistent.daisy.core.Test_Cases">
    <skipped/>
  </testcase> <!-- Execute_Configuration -->
  <system-out/>
  <testcase name="Execute_Configuration" time="0.001" classname="com.persistent.daisy.core.Test_Cases">
    <skipped/>
  </testcase> <!-- Execute_Configuration -->
  <system-out/>
  <testcase name="Execute_Configuration" time="0.001" classname="com.persistent.daisy.core.Test_Cases">
    <skipped/>
  </testcase> <!-- Execute_Configuration -->
  <system-out/>
  <testcase name="Execute_Configuration" time="0.001" classname="com.persistent.daisy.core.Test_Cases">
    <skipped/>
  </testcase> <!-- Execute_Configuration -->
  <system-out/>
  <testcase name="Execute_Configuration" time="0.001" classname="com.persistent.daisy.core.Test_Cases">
    <skipped/>
  </testcase> <!-- Execute_Configuration -->
  <system-out/>
  <testcase name="Execute_Configuration" time="0.000" classname="com.persistent.daisy.core.Test_Cases">
    <skipped/>
  </testcase> <!-- Execute_Configuration -->
  <system-out/>
  <testcase name="Execute_Configuration" time="0.000" classname="com.persistent.daisy.core.Test_Cases">
    <skipped/>
  </testcase> <!-- Execute_Configuration -->
  <system-out/>
  <testcase name="Execute_Configuration" time="0.001" classname="com.persistent.daisy.core.Test_Cases">
    <skipped/>
  </testcase> <!-- Execute_Configuration -->
  <system-out/>
  <testcase name="Execute_Configuration" time="0.002" classname="com.persistent.daisy.core.Test_Cases">
    <skipped/>
  </testcase> <!-- Execute_Configuration -->
  <system-out/>
  <testcase name="Execute_Configuration" time="0.000" classname="com.persistent.daisy.core.Test_Cases">
    <skipped/>
  </testcase> <!-- Execute_Configuration -->
  <system-out/>
  <testcase name="Execute_Configuration" time="0.002" classname="com.persistent.daisy.core.Test_Cases">
    <skipped/>
  </testcase> <!-- Execute_Configuration -->
  <system-out/>
  <testcase name="Execute_Configuration" time="0.001" classname="com.persistent.daisy.core.Test_Cases">
    <skipped/>
  </testcase> <!-- Execute_Configuration -->
  <system-out/>
  <testcase name="Execute_Configuration" time="0.001" classname="com.persistent.daisy.core.Test_Cases">
    <skipped/>
  </testcase> <!-- Execute_Configuration -->
  <system-out/>
  <testcase name="Execute_Configuration" time="0.004" classname="com.persistent.daisy.core.Test_Cases">
    <skipped/>
  </testcase> <!-- Execute_Configuration -->
  <system-out/>
  <testcase name="Execute_Configuration" time="0.002" classname="com.persistent.daisy.core.Test_Cases">
    <skipped/>
  </testcase> <!-- Execute_Configuration -->
  <system-out/>
  <testcase name="Execute_Configuration" time="0.001" classname="com.persistent.daisy.core.Test_Cases">
    <skipped/>
  </testcase> <!-- Execute_Configuration -->
  <system-out/>
  <testcase name="Execute_Configuration" time="0.000" classname="com.persistent.daisy.core.Test_Cases">
    <skipped/>
  </testcase> <!-- Execute_Configuration -->
  <system-out/>
  <testcase name="Execute_Configuration" time="0.001" classname="com.persistent.daisy.core.Test_Cases">
    <skipped/>
  </testcase> <!-- Execute_Configuration -->
  <system-out/>
  <testcase name="Execute_Configuration" time="0.001" classname="com.persistent.daisy.core.Test_Cases">
    <skipped/>
  </testcase> <!-- Execute_Configuration -->
  <system-out/>
  <testcase name="Execute_Configuration" time="0.002" classname="com.persistent.daisy.core.Test_Cases">
    <skipped/>
  </testcase> <!-- Execute_Configuration -->
  <system-out/>
  <testcase name="FailedTests" time="0.001" classname="com.persistent.daisy.core.Test_Cases"/>
  <system-out/>
</testsuite> <!-- com.persistent.daisy.core.Test_Cases -->
